Arguments: 
  /usr/local/Cellar/node/10.0.0/bin/node /usr/local/Cellar/yarn/1.6.0/libexec/bin/yarn.js

PATH: 
  /usr/local/bin:/usr/bin:/bin:/usr/sbin:/sbin:/usr/local/share/dotnet:/Users/erinvincent/Library/Android/sdk/tools:/Users/erinvincent/Library/Android/sdk/platform-tools

Yarn version: 
  1.6.0

Node version: 
  10.0.0

Platform: 
  darwin x64

Trace: 
  Error: getaddrinfo ENOTFOUND registry.yarnpkg.com registry.yarnpkg.com:443
      at GetAddrInfoReqWrap.onlookup [as oncomplete] (dns.js:50:26)

npm manifest: 
  {
    "name": "quotes-back-end",
    "version": "1.0.0",
    "main": "index.js",
    "author": "Vincent, Erin <evincent@ariit.com>",
    "license": "MIT",
    "scripts": {
      "start": "nodemon index.js --exec babel-node --presets es2015,stage-2"
    },
    "dependencies": {
      "express": "^4.16.3",
      "express-graphql": "^0.6.12",
      "graphql": "^0.13.2",
      "mongoose": "^5.2.0"
    },
    "devDependencies": {
      "babel-cli": "^6.26.0",
      "babel-preset-es2015": "^6.24.1",
      "babel-preset-stage-2": "^6.24.1",
      "nodemon": "^1.17.5"
    }
  }

yarn manifest: 
  No manifest

Lockfile: 
  No lockfile
